{"/Users/lucasoverland/my_node_modules/targz/spec/targz.spec.js":{"path":"/Users/lucasoverland/my_node_modules/targz/spec/targz.spec.js","s":{"1":1,"2":1,"3":1,"4":1,"5":1,"6":1,"7":1,"8":1,"9":1,"10":1,"11":4,"12":4,"13":4,"14":4,"15":4,"16":4,"17":1,"18":1,"19":1,"20":1,"21":1,"22":1,"23":1,"24":1,"25":1,"26":1,"27":1,"28":1,"29":1,"30":1,"31":1,"32":4,"33":4,"34":4,"35":4,"36":1,"37":1,"38":1,"39":1,"40":1,"41":1,"42":1,"43":1,"44":1,"45":1},"b":{},"f":{},"fnMap":{},"statementMap":{"1":{"start":{"line":3,"column":0},"end":{"line":3,"column":37}},"2":{"start":{"line":4,"column":0},"end":{"line":4,"column":32}},"3":{"start":{"line":5,"column":0},"end":{"line":5,"column":24}},"4":{"start":{"line":7,"column":0},"end":{"line":74,"column":2}},"5":{"start":{"line":8,"column":4},"end":{"line":41,"column":6}},"6":{"start":{"line":9,"column":8},"end":{"line":9,"column":75}},"7":{"start":{"line":10,"column":8},"end":{"line":10,"column":77}},"8":{"start":{"line":11,"column":8},"end":{"line":11,"column":37}},"9":{"start":{"line":12,"column":8},"end":{"line":12,"column":34}},"10":{"start":{"line":13,"column":8},"end":{"line":23,"column":10}},"11":{"start":{"line":14,"column":12},"end":{"line":22,"column":14}},"12":{"start":{"line":15,"column":16},"end":{"line":15,"column":40}},"13":{"start":{"line":16,"column":16},"end":{"line":21,"column":18}},"14":{"start":{"line":17,"column":20},"end":{"line":20,"column":22}},"15":{"start":{"line":18,"column":24},"end":{"line":18,"column":45}},"16":{"start":{"line":19,"column":24},"end":{"line":19,"column":46}},"17":{"start":{"line":24,"column":8},"end":{"line":26,"column":10}},"18":{"start":{"line":25,"column":12},"end":{"line":25,"column":54}},"19":{"start":{"line":27,"column":8},"end":{"line":29,"column":10}},"20":{"start":{"line":28,"column":12},"end":{"line":28,"column":75}},"21":{"start":{"line":31,"column":8},"end":{"line":35,"column":10}},"22":{"start":{"line":32,"column":12},"end":{"line":34,"column":14}},"23":{"start":{"line":33,"column":16},"end":{"line":33,"column":67}},"24":{"start":{"line":36,"column":8},"end":{"line":40,"column":10}},"25":{"start":{"line":37,"column":12},"end":{"line":39,"column":14}},"26":{"start":{"line":38,"column":16},"end":{"line":38,"column":72}},"27":{"start":{"line":43,"column":4},"end":{"line":73,"column":6}},"28":{"start":{"line":44,"column":8},"end":{"line":44,"column":85}},"29":{"start":{"line":45,"column":8},"end":{"line":45,"column":57}},"30":{"start":{"line":46,"column":8},"end":{"line":46,"column":31}},"31":{"start":{"line":49,"column":8},"end":{"line":56,"column":10}},"32":{"start":{"line":50,"column":12},"end":{"line":55,"column":14}},"33":{"start":{"line":51,"column":16},"end":{"line":54,"column":18}},"34":{"start":{"line":52,"column":20},"end":{"line":52,"column":38}},"35":{"start":{"line":53,"column":20},"end":{"line":53,"column":63}},"36":{"start":{"line":57,"column":8},"end":{"line":59,"column":10}},"37":{"start":{"line":58,"column":12},"end":{"line":58,"column":45}},"38":{"start":{"line":60,"column":8},"end":{"line":62,"column":10}},"39":{"start":{"line":61,"column":12},"end":{"line":61,"column":61}},"40":{"start":{"line":63,"column":8},"end":{"line":67,"column":10}},"41":{"start":{"line":64,"column":12},"end":{"line":66,"column":14}},"42":{"start":{"line":65,"column":16},"end":{"line":65,"column":69}},"43":{"start":{"line":68,"column":8},"end":{"line":72,"column":10}},"44":{"start":{"line":69,"column":12},"end":{"line":71,"column":14}},"45":{"start":{"line":70,"column":16},"end":{"line":70,"column":74}}},"branchMap":{}}}