TN:
SF:/Users/lucasoverland/my_node_modules/targz/spec/targz.spec.js
FNF:0
FNH:0
DA:3,1
DA:4,1
DA:5,1
DA:7,1
DA:8,1
DA:9,1
DA:10,1
DA:11,1
DA:12,1
DA:13,1
DA:14,4
DA:15,4
DA:16,4
DA:17,4
DA:18,4
DA:19,4
DA:24,1
DA:25,1
DA:27,1
DA:28,1
DA:31,1
DA:32,1
DA:33,1
DA:36,1
DA:37,1
DA:38,1
DA:43,1
DA:44,1
DA:45,1
DA:46,1
DA:49,1
DA:50,4
DA:51,4
DA:52,4
DA:53,4
DA:57,1
DA:58,1
DA:60,1
DA:61,1
DA:63,1
DA:64,1
DA:65,1
DA:68,1
DA:69,1
DA:70,1
LF:45
LH:45
BRF:0
BRH:0
end_of_record
TN:
SF:/Users/lucasoverland/my_node_modules/targz/lib/targz.js
FN:62,(anonymous_1)
FN:76,_emptyFunction
FNF:2
FNH:1
FNDA:4,(anonymous_1)
FNDA:0,_emptyFunction
DA:7,1
DA:8,1
DA:9,1
DA:11,1
DA:16,6
DA:19,6
DA:20,6
DA:21,6
DA:24,6
DA:25,6
DA:28,6
DA:29,1
DA:30,5
DA:31,1
DA:34,4
DA:35,4
DA:48,6
DA:51,6
DA:52,6
DA:53,6
DA:56,6
DA:57,1
DA:58,5
DA:59,1
DA:62,4
DA:63,4
DA:76,1
LF:27
LH:27
BRDA:16,1,0,6
BRDA:16,1,1,0
BRDA:19,2,0,6
BRDA:19,2,1,0
BRDA:20,3,0,6
BRDA:20,3,1,6
BRDA:21,4,0,6
BRDA:21,4,1,6
BRDA:24,5,0,6
BRDA:24,5,1,6
BRDA:25,6,0,6
BRDA:25,6,1,6
BRDA:28,7,0,1
BRDA:28,7,1,5
BRDA:30,8,0,1
BRDA:30,8,1,4
BRDA:48,9,0,6
BRDA:48,9,1,0
BRDA:51,10,0,6
BRDA:51,10,1,0
BRDA:52,11,0,6
BRDA:52,11,1,6
BRDA:53,12,0,6
BRDA:53,12,1,6
BRDA:56,13,0,1
BRDA:56,13,1,5
BRDA:58,14,0,1
BRDA:58,14,1,4
BRF:28
BRH:24
end_of_record
